    1  apt-get update
    2  apt-get install openjdk
    3  ./gradlew build
    4  sudo apt install openjdk-11-jdk
    5  apt-get install openjdk-11-jdk
    6  ls
    7  ./gradlew build
    8  curl -sL https://deb.nodesource.com/setup_14.x | bash -
    9  apt-get install curl -y
   10  sudo apt-get install -y nodejs
   11  apt-get install -y nodejs
   12  node -v
   13  ./gradlew build
   14  ls
   15  cd vue_wsys/
   16  ls
   17  cd ..
   18  npm -v
   19  node -v
   20  apt-get install npm
   21  ./gradlew build
   22  history > history.log
